2025-09-29 12:46:28,314 - INFO - Bắt đầu chạy script.
2025-09-29 12:46:28,314 - INFO - Khởi tạo kết nối đến cơ sở dữ liệu.
2025-09-29 12:46:28,455 - INFO - Đã kết nối đến cơ sở dữ liệu.
2025-09-29 12:46:28,456 - INFO - Bắt đầu tìm kiếm manga với tiêu đề: Aku no Hana
2025-09-29 12:46:29,426 - INFO - Tìm thấy 5 manga.
2025-09-29 12:46:29,426 - INFO - Lấy thống kê cho 5 manga.
2025-09-29 12:46:30,377 - INFO - Hoàn thành lấy thống kê.
2025-09-29 12:46:30,377 - INFO - Xử lý manga 1/5: ID 4AF41067-6C2C-4832-B784-A74A45461FE5
2025-09-29 12:46:30,378 - INFO - Bắt đầu mapping và upsert manga ID: 4AF41067-6C2C-4832-B784-A74A45461FE5
2025-09-29 12:46:30,384 - INFO - Xử lý upsert manga ID: 4AF41067-6C2C-4832-B784-A74A45461FE5
2025-09-29 12:46:30,430 - INFO - Hoàn thành upsert manga ID: 4AF41067-6C2C-4832-B784-A74A45461FE5
2025-09-29 12:46:30,431 - INFO - Xử lý upsert MangaAltTitle cho MangaId: 4AF41067-6C2C-4832-B784-A74A45461FE5, LangCode: ja
2025-09-29 12:46:32,193 - INFO - Xử lý upsert MangaDescription cho MangaId: 4AF41067-6C2C-4832-B784-A74A45461FE5, LangCode: en
2025-09-29 12:46:32,893 - INFO - Xử lý upsert MangaDescription cho MangaId: 4AF41067-6C2C-4832-B784-A74A45461FE5, LangCode: ja
2025-09-29 12:46:32,940 - INFO - Xử lý upsert MangaAvailableLanguage cho MangaId: 4AF41067-6C2C-4832-B784-A74A45461FE5, LangCode: zh-hk
2025-09-29 12:46:33,484 - INFO - Xử lý upsert MangaAvailableLanguage cho MangaId: 4AF41067-6C2C-4832-B784-A74A45461FE5, LangCode: pt-br
2025-09-29 12:46:33,506 - INFO - Xử lý upsert MangaLink cho MangaId: 4AF41067-6C2C-4832-B784-A74A45461FE5, Provider: al
2025-09-29 12:46:33,730 - INFO - Xử lý upsert MangaLink cho MangaId: 4AF41067-6C2C-4832-B784-A74A45461FE5, Provider: ap
2025-09-29 12:46:33,893 - INFO - Xử lý upsert MangaLink cho MangaId: 4AF41067-6C2C-4832-B784-A74A45461FE5, Provider: bw
2025-09-29 12:46:34,072 - INFO - Xử lý upsert MangaLink cho MangaId: 4AF41067-6C2C-4832-B784-A74A45461FE5, Provider: kt
2025-09-29 12:46:34,280 - INFO - Xử lý upsert MangaLink cho MangaId: 4AF41067-6C2C-4832-B784-A74A45461FE5, Provider: mu
2025-09-29 12:46:34,510 - INFO - Xử lý upsert MangaLink cho MangaId: 4AF41067-6C2C-4832-B784-A74A45461FE5, Provider: amz
2025-09-29 12:46:34,673 - INFO - Xử lý upsert MangaLink cho MangaId: 4AF41067-6C2C-4832-B784-A74A45461FE5, Provider: ebj
2025-09-29 12:46:34,840 - INFO - Xử lý upsert MangaLink cho MangaId: 4AF41067-6C2C-4832-B784-A74A45461FE5, Provider: raw
2025-09-29 12:46:35,003 - INFO - Lấy manga liên quan cho manga ID: 4AF41067-6C2C-4832-B784-A74A45461FE5
2025-09-29 12:46:35,004 - INFO - Tìm thấy 0 manga liên quan.
2025-09-29 12:46:35,004 - INFO - Xử lý upsert MangaStatistics cho MangaId: 4AF41067-6C2C-4832-B784-A74A45461FE5
2025-09-29 12:46:35,028 - INFO - Xử lý tag ID: 36FD93EA-E8B8-445E-B836-358F02B3D33D cho manga ID: 4AF41067-6C2C-4832-B784-A74A45461FE5
2025-09-29 12:46:35,031 - INFO - Xử lý tag ID: 423E2EAE-A7A2-4A8B-AC03-A8351462D71D cho manga ID: 4AF41067-6C2C-4832-B784-A74A45461FE5
2025-09-29 12:46:35,032 - INFO - Xử lý tag ID: B9AF3A63-F058-46DE-A9A0-E0C13906197A cho manga ID: 4AF41067-6C2C-4832-B784-A74A45461FE5
2025-09-29 12:46:35,033 - INFO - Xử lý tag ID: CDC58593-87DD-415E-BBC0-2EC27BF404CC cho manga ID: 4AF41067-6C2C-4832-B784-A74A45461FE5
2025-09-29 12:46:35,033 - INFO - Xử lý tag ID: F4122D1C-3B44-44D0-9936-FF7502C39AD3 cho manga ID: 4AF41067-6C2C-4832-B784-A74A45461FE5
2025-09-29 12:46:35,034 - INFO - Xử lý upsert MangaTag cho MangaId: 4AF41067-6C2C-4832-B784-A74A45461FE5, TagId: 36FD93EA-E8B8-445E-B836-358F02B3D33D
2025-09-29 12:46:35,039 - INFO - Xử lý upsert MangaTag cho MangaId: 4AF41067-6C2C-4832-B784-A74A45461FE5, TagId: 423E2EAE-A7A2-4A8B-AC03-A8351462D71D
2025-09-29 12:46:35,041 - INFO - Xử lý upsert MangaTag cho MangaId: 4AF41067-6C2C-4832-B784-A74A45461FE5, TagId: B9AF3A63-F058-46DE-A9A0-E0C13906197A
2025-09-29 12:46:35,042 - INFO - Xử lý upsert MangaTag cho MangaId: 4AF41067-6C2C-4832-B784-A74A45461FE5, TagId: CDC58593-87DD-415E-BBC0-2EC27BF404CC
2025-09-29 12:46:35,043 - INFO - Xử lý upsert MangaTag cho MangaId: 4AF41067-6C2C-4832-B784-A74A45461FE5, TagId: F4122D1C-3B44-44D0-9936-FF7502C39AD3
2025-09-29 12:46:35,043 - INFO - Lấy danh sách chương cho manga ID: 4AF41067-6C2C-4832-B784-A74A45461FE5
2025-09-29 12:46:35,836 - INFO - Tổng cộng lấy được 0 chương cho manga ID: 4AF41067-6C2C-4832-B784-A74A45461FE5
2025-09-29 12:46:35,836 - INFO - Lấy thông tin creator ID: 61F9BE4B-219E-47A8-AE9E-54034D462B8C
2025-09-29 12:46:36,570 - INFO - Lấy thông tin creator ID: FB47C689-DA87-47DE-B2BF-57E6665B96AD
2025-09-29 12:46:37,250 - INFO - Lấy thông tin cover ID: 2ECB6914-E58F-4F10-8656-27770A7BAD33 cho manga ID: 4AF41067-6C2C-4832-B784-A74A45461FE5
2025-09-29 12:47:43,595 - ERROR - Lỗi khi tải ảnh bìa cho cover ID 2ECB6914-E58F-4F10-8656-27770A7BAD33: ('Connection broken: IncompleteRead(4087047 bytes read, 3441688 more expected)', IncompleteRead(4087047 bytes read, 3441688 more expected))
2025-09-29 12:47:43,597 - INFO - Xử lý upsert Creator cho CreatorId: 61F9BE4B-219E-47A8-AE9E-54034D462B8C
2025-09-29 12:47:43,621 - INFO - Xử lý upsert Creator cho CreatorId: FB47C689-DA87-47DE-B2BF-57E6665B96AD
2025-09-29 12:47:43,634 - INFO - Xử lý upsert CreatorRelationship cho CreatorId: 61F9BE4B-219E-47A8-AE9E-54034D462B8C, RelatedId: 4AF41067-6C2C-4832-B784-A74A45461FE5
2025-09-29 12:47:43,805 - INFO - Xử lý upsert CreatorRelationship cho CreatorId: FB47C689-DA87-47DE-B2BF-57E6665B96AD, RelatedId: 4AF41067-6C2C-4832-B784-A74A45461FE5
2025-09-29 12:47:43,848 - INFO - Hoàn thành mapping và upsert manga ID: 4AF41067-6C2C-4832-B784-A74A45461FE5
2025-09-29 12:47:43,849 - INFO - Hoàn thành xử lý manga 1/5.
2025-09-29 12:47:43,849 - INFO - Xử lý manga 2/5: ID 01882116-3E45-4D67-B932-34F60D360086
2025-09-29 12:47:43,849 - INFO - Bắt đầu mapping và upsert manga ID: 01882116-3E45-4D67-B932-34F60D360086
2025-09-29 12:47:43,849 - INFO - Xử lý upsert manga ID: 01882116-3E45-4D67-B932-34F60D360086
2025-09-29 12:47:43,867 - INFO - Hoàn thành upsert manga ID: 01882116-3E45-4D67-B932-34F60D360086
2025-09-29 12:47:43,868 - INFO - Xử lý upsert MangaAltTitle cho MangaId: 01882116-3E45-4D67-B932-34F60D360086, LangCode: pt-br
2025-09-29 12:47:43,874 - INFO - Xử lý upsert MangaAltTitle cho MangaId: 01882116-3E45-4D67-B932-34F60D360086, LangCode: vi
2025-09-29 12:47:43,881 - INFO - Xử lý upsert MangaAltTitle cho MangaId: 01882116-3E45-4D67-B932-34F60D360086, LangCode: id
2025-09-29 12:47:43,888 - INFO - Xử lý upsert MangaAltTitle cho MangaId: 01882116-3E45-4D67-B932-34F60D360086, LangCode: de
2025-09-29 12:47:43,894 - INFO - Xử lý upsert MangaAltTitle cho MangaId: 01882116-3E45-4D67-B932-34F60D360086, LangCode: tr
2025-09-29 12:47:43,895 - INFO - Xử lý upsert MangaAltTitle cho MangaId: 01882116-3E45-4D67-B932-34F60D360086, LangCode: es-la
2025-09-29 12:47:43,901 - INFO - Xử lý upsert MangaAltTitle cho MangaId: 01882116-3E45-4D67-B932-34F60D360086, LangCode: fr
2025-09-29 12:47:43,903 - INFO - Xử lý upsert MangaAltTitle cho MangaId: 01882116-3E45-4D67-B932-34F60D360086, LangCode: ja-ro
2025-09-29 12:47:43,909 - INFO - Xử lý upsert MangaAltTitle cho MangaId: 01882116-3E45-4D67-B932-34F60D360086, LangCode: uk
2025-09-29 12:47:43,916 - INFO - Xử lý upsert MangaAltTitle cho MangaId: 01882116-3E45-4D67-B932-34F60D360086, LangCode: ar
2025-09-29 12:47:43,918 - INFO - Xử lý upsert MangaAltTitle cho MangaId: 01882116-3E45-4D67-B932-34F60D360086, LangCode: zh
2025-09-29 12:47:43,924 - INFO - Xử lý upsert MangaAltTitle cho MangaId: 01882116-3E45-4D67-B932-34F60D360086, LangCode: ja
2025-09-29 12:47:43,925 - INFO - Xử lý upsert MangaAltTitle cho MangaId: 01882116-3E45-4D67-B932-34F60D360086, LangCode: zh-hk
2025-09-29 12:47:43,931 - INFO - Xử lý upsert MangaAltTitle cho MangaId: 01882116-3E45-4D67-B932-34F60D360086, LangCode: ko
2025-09-29 12:47:43,936 - INFO - Xử lý upsert MangaAltTitle cho MangaId: 01882116-3E45-4D67-B932-34F60D360086, LangCode: id
2025-09-29 12:47:43,942 - INFO - Xử lý upsert MangaDescription cho MangaId: 01882116-3E45-4D67-B932-34F60D360086, LangCode: en
2025-09-29 12:47:43,947 - INFO - Xử lý upsert MangaDescription cho MangaId: 01882116-3E45-4D67-B932-34F60D360086, LangCode: uk
2025-09-29 12:47:43,951 - INFO - Xử lý upsert MangaDescription cho MangaId: 01882116-3E45-4D67-B932-34F60D360086, LangCode: es-la
2025-09-29 12:47:43,958 - INFO - Xử lý upsert MangaDescription cho MangaId: 01882116-3E45-4D67-B932-34F60D360086, LangCode: pt-br
2025-09-29 12:47:43,964 - INFO - Xử lý upsert MangaAvailableLanguage cho MangaId: 01882116-3E45-4D67-B932-34F60D360086, LangCode: pt-br
2025-09-29 12:47:43,965 - INFO - Xử lý upsert MangaAvailableLanguage cho MangaId: 01882116-3E45-4D67-B932-34F60D360086, LangCode: ar
2025-09-29 12:47:43,970 - INFO - Xử lý upsert MangaAvailableLanguage cho MangaId: 01882116-3E45-4D67-B932-34F60D360086, LangCode: ru
2025-09-29 12:47:43,970 - INFO - Xử lý upsert MangaAvailableLanguage cho MangaId: 01882116-3E45-4D67-B932-34F60D360086, LangCode: es-la
2025-09-29 12:47:43,971 - INFO - Xử lý upsert MangaAvailableLanguage cho MangaId: 01882116-3E45-4D67-B932-34F60D360086, LangCode: pl
2025-09-29 12:47:43,972 - INFO - Xử lý upsert MangaAvailableLanguage cho MangaId: 01882116-3E45-4D67-B932-34F60D360086, LangCode: vi
2025-09-29 12:47:43,972 - INFO - Xử lý upsert MangaAvailableLanguage cho MangaId: 01882116-3E45-4D67-B932-34F60D360086, LangCode: de
2025-09-29 12:47:43,973 - INFO - Xử lý upsert MangaAvailableLanguage cho MangaId: 01882116-3E45-4D67-B932-34F60D360086, LangCode: en
2025-09-29 12:47:43,974 - INFO - Xử lý upsert MangaAvailableLanguage cho MangaId: 01882116-3E45-4D67-B932-34F60D360086, LangCode: uk
2025-09-29 12:47:43,974 - INFO - Xử lý upsert MangaAvailableLanguage cho MangaId: 01882116-3E45-4D67-B932-34F60D360086, LangCode: it
2025-09-29 12:47:43,975 - INFO - Xử lý upsert MangaAvailableLanguage cho MangaId: 01882116-3E45-4D67-B932-34F60D360086, LangCode: el
2025-09-29 12:47:43,976 - INFO - Xử lý upsert MangaLink cho MangaId: 01882116-3E45-4D67-B932-34F60D360086, Provider: al
2025-09-29 12:47:44,161 - INFO - Xử lý upsert MangaLink cho MangaId: 01882116-3E45-4D67-B932-34F60D360086, Provider: ap
2025-09-29 12:47:44,294 - INFO - Xử lý upsert MangaLink cho MangaId: 01882116-3E45-4D67-B932-34F60D360086, Provider: bw
2025-09-29 12:47:44,429 - INFO - Xử lý upsert MangaLink cho MangaId: 01882116-3E45-4D67-B932-34F60D360086, Provider: kt
2025-09-29 12:47:44,554 - INFO - Xử lý upsert MangaLink cho MangaId: 01882116-3E45-4D67-B932-34F60D360086, Provider: mu
2025-09-29 12:47:44,694 - INFO - Xử lý upsert MangaLink cho MangaId: 01882116-3E45-4D67-B932-34F60D360086, Provider: amz
2025-09-29 12:47:44,696 - INFO - Xử lý upsert MangaLink cho MangaId: 01882116-3E45-4D67-B932-34F60D360086, Provider: ebj
2025-09-29 12:47:44,704 - INFO - Xử lý upsert MangaLink cho MangaId: 01882116-3E45-4D67-B932-34F60D360086, Provider: mal
2025-09-29 12:47:44,841 - INFO - Xử lý upsert MangaLink cho MangaId: 01882116-3E45-4D67-B932-34F60D360086, Provider: raw
2025-09-29 12:47:44,851 - INFO - Xử lý upsert MangaLink cho MangaId: 01882116-3E45-4D67-B932-34F60D360086, Provider: engtl
2025-09-29 12:47:44,862 - INFO - Lấy manga liên quan cho manga ID: 01882116-3E45-4D67-B932-34F60D360086
2025-09-29 12:47:44,862 - INFO - Tìm thấy 0 manga liên quan.
2025-09-29 12:47:44,863 - INFO - Xử lý upsert MangaStatistics cho MangaId: 01882116-3E45-4D67-B932-34F60D360086
2025-09-29 12:47:44,865 - INFO - Xử lý tag ID: 3B60B75C-A2D7-4860-AB56-05F391BB889C cho manga ID: 01882116-3E45-4D67-B932-34F60D360086
2025-09-29 12:47:44,866 - INFO - Xử lý tag ID: 423E2EAE-A7A2-4A8B-AC03-A8351462D71D cho manga ID: 01882116-3E45-4D67-B932-34F60D360086
2025-09-29 12:47:44,866 - INFO - Xử lý tag ID: B1E97889-25B4-4258-B28B-CD7F4D28EA9B cho manga ID: 01882116-3E45-4D67-B932-34F60D360086
2025-09-29 12:47:44,868 - INFO - Xử lý tag ID: B9AF3A63-F058-46DE-A9A0-E0C13906197A cho manga ID: 01882116-3E45-4D67-B932-34F60D360086
2025-09-29 12:47:44,870 - INFO - Xử lý tag ID: CAAA44EB-CD40-4177-B930-79D3EF2AFE87 cho manga ID: 01882116-3E45-4D67-B932-34F60D360086
2025-09-29 12:47:44,871 - INFO - Xử lý tag ID: CDAD7E68-1419-41DD-BDCE-27753074A640 cho manga ID: 01882116-3E45-4D67-B932-34F60D360086
2025-09-29 12:47:44,871 - INFO - Xử lý tag ID: DA2D50CA-3018-4CC0-AC7A-6B7D472A29EA cho manga ID: 01882116-3E45-4D67-B932-34F60D360086
2025-09-29 12:47:44,872 - INFO - Xử lý tag ID: E5301A23-EBD9-49DD-A0CB-2ADD944C7FE9 cho manga ID: 01882116-3E45-4D67-B932-34F60D360086
2025-09-29 12:47:44,874 - INFO - Xử lý upsert MangaTag cho MangaId: 01882116-3E45-4D67-B932-34F60D360086, TagId: 3B60B75C-A2D7-4860-AB56-05F391BB889C
2025-09-29 12:47:44,878 - INFO - Xử lý upsert MangaTag cho MangaId: 01882116-3E45-4D67-B932-34F60D360086, TagId: 423E2EAE-A7A2-4A8B-AC03-A8351462D71D
2025-09-29 12:47:44,881 - INFO - Xử lý upsert MangaTag cho MangaId: 01882116-3E45-4D67-B932-34F60D360086, TagId: B1E97889-25B4-4258-B28B-CD7F4D28EA9B
2025-09-29 12:47:44,883 - INFO - Xử lý upsert MangaTag cho MangaId: 01882116-3E45-4D67-B932-34F60D360086, TagId: B9AF3A63-F058-46DE-A9A0-E0C13906197A
2025-09-29 12:47:44,885 - INFO - Xử lý upsert MangaTag cho MangaId: 01882116-3E45-4D67-B932-34F60D360086, TagId: CAAA44EB-CD40-4177-B930-79D3EF2AFE87
2025-09-29 12:47:44,886 - INFO - Xử lý upsert MangaTag cho MangaId: 01882116-3E45-4D67-B932-34F60D360086, TagId: CDAD7E68-1419-41DD-BDCE-27753074A640
2025-09-29 12:47:44,887 - INFO - Xử lý upsert MangaTag cho MangaId: 01882116-3E45-4D67-B932-34F60D360086, TagId: DA2D50CA-3018-4CC0-AC7A-6B7D472A29EA
2025-09-29 12:47:44,889 - INFO - Xử lý upsert MangaTag cho MangaId: 01882116-3E45-4D67-B932-34F60D360086, TagId: E5301A23-EBD9-49DD-A0CB-2ADD944C7FE9
2025-09-29 12:47:44,890 - INFO - Lấy danh sách chương cho manga ID: 01882116-3E45-4D67-B932-34F60D360086
2025-09-29 12:47:54,045 - INFO - Tổng cộng lấy được 0 chương cho manga ID: 01882116-3E45-4D67-B932-34F60D360086
2025-09-29 12:47:54,046 - INFO - Lấy thông tin creator ID: AC27AE52-3ED1-4784-9885-F2985B6A602F
2025-09-29 12:47:56,168 - INFO - Lấy thông tin cover ID: ABC139F2-C855-4DB4-AED8-CF8081E90202 cho manga ID: 01882116-3E45-4D67-B932-34F60D360086
2025-09-29 12:48:03,014 - WARNING - Retrying (Retry(total=4, connect=None, read=None, redirect=None, status=None)) after connection broken by 'RemoteDisconnected('Remote end closed connection without response')': /cover/abc139f2-c855-4db4-aed8-cf8081e90202
2025-09-29 12:48:20,648 - INFO - Đã tải ảnh bìa cho cover ID: ABC139F2-C855-4DB4-AED8-CF8081E90202, kích thước: 500942 bytes
2025-09-29 12:48:20,649 - INFO - Xử lý upsert Creator cho CreatorId: AC27AE52-3ED1-4784-9885-F2985B6A602F
2025-09-29 12:48:20,670 - INFO - Xử lý upsert CreatorRelationship cho CreatorId: AC27AE52-3ED1-4784-9885-F2985B6A602F, RelatedId: 01882116-3E45-4D67-B932-34F60D360086
2025-09-29 12:48:20,715 - INFO - Xử lý upsert CreatorRelationship cho CreatorId: AC27AE52-3ED1-4784-9885-F2985B6A602F, RelatedId: 01882116-3E45-4D67-B932-34F60D360086
2025-09-29 12:48:20,767 - INFO - Xử lý upsert Covers cho cover_id: ABC139F2-C855-4DB4-AED8-CF8081E90202
2025-09-29 12:48:20,775 - ERROR - Lỗi upsert Covers cho cover_id ABC139F2-C855-4DB4-AED8-CF8081E90202: ('42000', '[42000] [Microsoft][ODBC Driver 17 for SQL Server][SQL Server]The data types varbinary(max) and image are incompatible in the not equal to operator. (402) (SQLExecDirectW); [42000] [Microsoft][ODBC Driver 17 for SQL Server][SQL Server]Statement(s) could not be prepared. (8180)')
2025-09-29 12:48:20,776 - ERROR - Lỗi khi chạy script: ('42000', '[42000] [Microsoft][ODBC Driver 17 for SQL Server][SQL Server]The data types varbinary(max) and image are incompatible in the not equal to operator. (402) (SQLExecDirectW); [42000] [Microsoft][ODBC Driver 17 for SQL Server][SQL Server]Statement(s) could not be prepared. (8180)')
2025-09-29 12:48:20,776 - INFO - Đã đóng kết nối DB.
2025-09-29 13:28:52,671 - INFO - Bắt đầu chạy script.
2025-09-29 13:28:52,672 - INFO - Fetching specific manga with UUID: 840200ef-a24e-414e-843e-03fb4381c086
2025-09-29 13:28:53,706 - INFO - Khởi tạo kết nối đến cơ sở dữ liệu.
2025-09-29 13:28:53,856 - INFO - Đã kết nối đến cơ sở dữ liệu.
2025-09-29 13:28:53,857 - INFO - Lấy thống kê cho 1 manga.
2025-09-29 13:28:54,834 - INFO - Hoàn thành lấy thống kê.
2025-09-29 13:28:54,835 - INFO - Xử lý manga 1/1: ID 840200EF-A24E-414E-843E-03FB4381C086
2025-09-29 13:28:54,836 - INFO - Bắt đầu mapping và upsert manga ID: 840200EF-A24E-414E-843E-03FB4381C086
2025-09-29 13:28:54,837 - INFO - Xử lý upsert manga ID: 840200EF-A24E-414E-843E-03FB4381C086
2025-09-29 13:28:54,892 - INFO - Hoàn thành upsert manga ID: 840200EF-A24E-414E-843E-03FB4381C086
2025-09-29 13:28:54,894 - INFO - Xử lý upsert MangaAltTitle cho MangaId: 840200EF-A24E-414E-843E-03FB4381C086, LangCode: ja
2025-09-29 13:28:55,069 - INFO - Xử lý upsert MangaAltTitle cho MangaId: 840200EF-A24E-414E-843E-03FB4381C086, LangCode: en
2025-09-29 13:28:55,176 - INFO - Xử lý upsert MangaDescription cho MangaId: 840200EF-A24E-414E-843E-03FB4381C086, LangCode: en
2025-09-29 13:28:55,391 - INFO - Xử lý upsert MangaAvailableLanguage cho MangaId: 840200EF-A24E-414E-843E-03FB4381C086, LangCode: en
2025-09-29 13:28:55,428 - INFO - Lấy manga liên quan cho manga ID: 840200EF-A24E-414E-843E-03FB4381C086
2025-09-29 13:28:55,429 - INFO - Tìm thấy 0 manga liên quan.
2025-09-29 13:28:55,429 - INFO - Xử lý upsert MangaStatistics cho MangaId: 840200EF-A24E-414E-843E-03FB4381C086
2025-09-29 13:28:55,441 - INFO - Xử lý tag ID: 423E2EAE-A7A2-4A8B-AC03-A8351462D71D cho manga ID: 840200EF-A24E-414E-843E-03FB4381C086
2025-09-29 13:28:55,444 - INFO - Xử lý tag ID: 4D32CC48-9F00-4CCA-9B5A-A839F0764984 cho manga ID: 840200EF-A24E-414E-843E-03FB4381C086
2025-09-29 13:28:55,444 - INFO - Xử lý tag ID: 5920B825-4181-4A17-BEEB-9918B0FF7A30 cho manga ID: 840200EF-A24E-414E-843E-03FB4381C086
2025-09-29 13:28:55,445 - INFO - Xử lý tag ID: B9AF3A63-F058-46DE-A9A0-E0C13906197A cho manga ID: 840200EF-A24E-414E-843E-03FB4381C086
2025-09-29 13:28:55,445 - INFO - Xử lý tag ID: CAAA44EB-CD40-4177-B930-79D3EF2AFE87 cho manga ID: 840200EF-A24E-414E-843E-03FB4381C086
2025-09-29 13:28:55,445 - INFO - Xử lý upsert MangaTag cho MangaId: 840200EF-A24E-414E-843E-03FB4381C086, TagId: 423E2EAE-A7A2-4A8B-AC03-A8351462D71D
2025-09-29 13:28:55,451 - INFO - Xử lý upsert MangaTag cho MangaId: 840200EF-A24E-414E-843E-03FB4381C086, TagId: 4D32CC48-9F00-4CCA-9B5A-A839F0764984
2025-09-29 13:28:55,452 - INFO - Xử lý upsert MangaTag cho MangaId: 840200EF-A24E-414E-843E-03FB4381C086, TagId: 5920B825-4181-4A17-BEEB-9918B0FF7A30
2025-09-29 13:28:55,453 - INFO - Xử lý upsert MangaTag cho MangaId: 840200EF-A24E-414E-843E-03FB4381C086, TagId: B9AF3A63-F058-46DE-A9A0-E0C13906197A
2025-09-29 13:28:55,454 - INFO - Xử lý upsert MangaTag cho MangaId: 840200EF-A24E-414E-843E-03FB4381C086, TagId: CAAA44EB-CD40-4177-B930-79D3EF2AFE87
2025-09-29 13:28:55,454 - INFO - Lấy danh sách chương cho manga ID: 840200EF-A24E-414E-843E-03FB4381C086
2025-09-29 13:28:58,539 - INFO - Tổng cộng lấy được 1 chương cho manga ID: 840200EF-A24E-414E-843E-03FB4381C086
2025-09-29 13:28:58,540 - INFO - Xử lý upsert Chapter cho ChapterId: 558C7FC2-FB24-46BB-941D-3C670BA2FD94
2025-09-29 13:28:58,580 - INFO - Lấy thông tin creator ID: CDF74217-BBF8-4D36-8633-9ACBC570022A
2025-09-29 13:28:59,408 - INFO - Lấy thông tin cover ID: A5AB5E25-CA98-42BC-A514-D1057EB8AE42 cho manga ID: 840200EF-A24E-414E-843E-03FB4381C086
2025-09-29 13:29:02,388 - INFO - Đã tải ảnh bìa cho cover ID: A5AB5E25-CA98-42BC-A514-D1057EB8AE42, kích thước: 285104 bytes
2025-09-29 13:29:02,393 - INFO - Xử lý upsert Creator cho CreatorId: CDF74217-BBF8-4D36-8633-9ACBC570022A
2025-09-29 13:29:02,412 - INFO - Xử lý upsert CreatorRelationship cho CreatorId: CDF74217-BBF8-4D36-8633-9ACBC570022A, RelatedId: 840200EF-A24E-414E-843E-03FB4381C086
2025-09-29 13:29:02,465 - INFO - Xử lý upsert CreatorRelationship cho CreatorId: CDF74217-BBF8-4D36-8633-9ACBC570022A, RelatedId: 840200EF-A24E-414E-843E-03FB4381C086
2025-09-29 13:29:02,548 - INFO - Xử lý upsert Covers cho cover_id: A5AB5E25-CA98-42BC-A514-D1057EB8AE42
2025-09-29 13:29:02,600 - INFO - Hoàn thành mapping và upsert manga ID: 840200EF-A24E-414E-843E-03FB4381C086
2025-09-29 13:29:02,601 - INFO - Hoàn thành xử lý manga 1/1.
2025-09-29 13:29:02,601 - INFO - Hoàn thành upsert dữ liệu vào DB.
2025-09-29 13:29:02,602 - INFO - Đã đóng kết nối DB.
2025-09-29 13:58:49,408 - INFO - Bắt đầu chạy script.
2025-09-29 13:58:49,410 - INFO - Fetching specific manga with UUID: 3288fb04-f66f-4fb0-b23a-0461321bfff9
2025-09-29 13:58:50,470 - INFO - Khởi tạo kết nối đến cơ sở dữ liệu.
2025-09-29 13:58:50,533 - INFO - Đã kết nối đến cơ sở dữ liệu.
2025-09-29 13:58:50,534 - INFO - Lấy thống kê cho 1 manga.
2025-09-29 13:58:51,394 - INFO - Hoàn thành lấy thống kê.
2025-09-29 13:58:51,395 - INFO - Xử lý manga 1/1: ID 3288FB04-F66F-4FB0-B23A-0461321BFFF9
2025-09-29 13:58:51,395 - INFO - Bắt đầu mapping và upsert manga ID: 3288FB04-F66F-4FB0-B23A-0461321BFFF9
2025-09-29 13:58:51,395 - INFO - Xử lý upsert manga ID: 3288FB04-F66F-4FB0-B23A-0461321BFFF9
2025-09-29 13:58:51,428 - INFO - Hoàn thành upsert manga ID: 3288FB04-F66F-4FB0-B23A-0461321BFFF9
2025-09-29 13:58:51,429 - INFO - Xử lý upsert MangaAltTitle cho MangaId: 3288FB04-F66F-4FB0-B23A-0461321BFFF9, LangCode: ja
2025-09-29 13:58:51,534 - INFO - Xử lý upsert MangaAltTitle cho MangaId: 3288FB04-F66F-4FB0-B23A-0461321BFFF9, LangCode: en
2025-09-29 13:58:51,688 - INFO - Xử lý upsert MangaDescription cho MangaId: 3288FB04-F66F-4FB0-B23A-0461321BFFF9, LangCode: en
2025-09-29 13:58:51,885 - INFO - Xử lý upsert MangaAvailableLanguage cho MangaId: 3288FB04-F66F-4FB0-B23A-0461321BFFF9, LangCode: en
2025-09-29 13:58:51,949 - INFO - Xử lý upsert MangaLink cho MangaId: 3288FB04-F66F-4FB0-B23A-0461321BFFF9, Provider: mu
2025-09-29 13:58:52,296 - INFO - Lấy manga liên quan cho manga ID: 3288FB04-F66F-4FB0-B23A-0461321BFFF9
2025-09-29 13:58:52,298 - INFO - Tìm thấy 0 manga liên quan.
2025-09-29 13:58:52,298 - INFO - Xử lý upsert MangaStatistics cho MangaId: 3288FB04-F66F-4FB0-B23A-0461321BFFF9
2025-09-29 13:58:52,301 - INFO - Xử lý tag ID: 36FD93EA-E8B8-445E-B836-358F02B3D33D cho manga ID: 3288FB04-F66F-4FB0-B23A-0461321BFFF9
2025-09-29 13:58:52,302 - INFO - Xử lý tag ID: 3B60B75C-A2D7-4860-AB56-05F391BB889C cho manga ID: 3288FB04-F66F-4FB0-B23A-0461321BFFF9
2025-09-29 13:58:52,303 - INFO - Xử lý tag ID: 3BB26D85-09D5-4D2E-880C-C34B974339E9 cho manga ID: 3288FB04-F66F-4FB0-B23A-0461321BFFF9
2025-09-29 13:58:52,304 - INFO - Xử lý tag ID: 51D83883-4103-437C-B4B1-731CB73D786C cho manga ID: 3288FB04-F66F-4FB0-B23A-0461321BFFF9
2025-09-29 13:58:52,305 - INFO - Xử lý tag ID: B29D6A3D-1569-4E7A-8CAF-7557BC92CD5D cho manga ID: 3288FB04-F66F-4FB0-B23A-0461321BFFF9
2025-09-29 13:58:52,306 - INFO - Xử lý tag ID: CDAD7E68-1419-41DD-BDCE-27753074A640 cho manga ID: 3288FB04-F66F-4FB0-B23A-0461321BFFF9
2025-09-29 13:58:52,306 - INFO - Xử lý tag ID: EABC5B4C-6AFF-42F3-B657-3E90CBD00B75 cho manga ID: 3288FB04-F66F-4FB0-B23A-0461321BFFF9
2025-09-29 13:58:52,306 - INFO - Xử lý tag ID: EE968100-4191-4968-93D3-F82D72BE7E46 cho manga ID: 3288FB04-F66F-4FB0-B23A-0461321BFFF9
2025-09-29 13:58:52,307 - INFO - Xử lý tag ID: F8F62932-27DA-4FE4-8EE1-6779A8C5EDBA cho manga ID: 3288FB04-F66F-4FB0-B23A-0461321BFFF9
2025-09-29 13:58:52,308 - INFO - Xử lý upsert MangaTag cho MangaId: 3288FB04-F66F-4FB0-B23A-0461321BFFF9, TagId: 36FD93EA-E8B8-445E-B836-358F02B3D33D
2025-09-29 13:58:52,312 - INFO - Xử lý upsert MangaTag cho MangaId: 3288FB04-F66F-4FB0-B23A-0461321BFFF9, TagId: 3B60B75C-A2D7-4860-AB56-05F391BB889C
2025-09-29 13:58:52,314 - INFO - Xử lý upsert MangaTag cho MangaId: 3288FB04-F66F-4FB0-B23A-0461321BFFF9, TagId: 3BB26D85-09D5-4D2E-880C-C34B974339E9
2025-09-29 13:58:52,316 - INFO - Xử lý upsert MangaTag cho MangaId: 3288FB04-F66F-4FB0-B23A-0461321BFFF9, TagId: 51D83883-4103-437C-B4B1-731CB73D786C
2025-09-29 13:58:52,318 - INFO - Xử lý upsert MangaTag cho MangaId: 3288FB04-F66F-4FB0-B23A-0461321BFFF9, TagId: B29D6A3D-1569-4E7A-8CAF-7557BC92CD5D
2025-09-29 13:58:52,319 - INFO - Xử lý upsert MangaTag cho MangaId: 3288FB04-F66F-4FB0-B23A-0461321BFFF9, TagId: CDAD7E68-1419-41DD-BDCE-27753074A640
2025-09-29 13:58:52,321 - INFO - Xử lý upsert MangaTag cho MangaId: 3288FB04-F66F-4FB0-B23A-0461321BFFF9, TagId: EABC5B4C-6AFF-42F3-B657-3E90CBD00B75
2025-09-29 13:58:52,323 - INFO - Xử lý upsert MangaTag cho MangaId: 3288FB04-F66F-4FB0-B23A-0461321BFFF9, TagId: EE968100-4191-4968-93D3-F82D72BE7E46
2025-09-29 13:58:52,326 - INFO - Xử lý upsert MangaTag cho MangaId: 3288FB04-F66F-4FB0-B23A-0461321BFFF9, TagId: F8F62932-27DA-4FE4-8EE1-6779A8C5EDBA
2025-09-29 13:58:52,328 - INFO - Lấy danh sách chương cho manga ID: 3288FB04-F66F-4FB0-B23A-0461321BFFF9
2025-09-29 13:58:54,072 - INFO - Tổng cộng lấy được 2 chương cho manga ID: 3288FB04-F66F-4FB0-B23A-0461321BFFF9
2025-09-29 13:58:54,073 - INFO - Xử lý upsert Chapter cho ChapterId: 425A9678-4D9B-4874-876A-20CB6527C7CC
2025-09-29 13:58:54,115 - INFO - Xử lý upsert Chapter cho ChapterId: B6E91F6B-E406-4B6A-93F8-1211176B116C
2025-09-29 13:58:54,132 - INFO - Lấy toàn bộ cover cho manga ID: 3288FB04-F66F-4FB0-B23A-0461321BFFF9
2025-09-29 13:58:56,501 - INFO - Đã tải ảnh bìa cho cover ID: D750B5E3-07D2-4F31-B4F7-36958401ED14, kích thước: 571247 bytes
2025-09-29 13:58:56,503 - INFO - Tổng cộng lấy được 1 cover cho manga ID: 3288FB04-F66F-4FB0-B23A-0461321BFFF9
2025-09-29 13:58:56,508 - INFO - Lấy thông tin creator ID: 8433F815-6165-427A-92E0-E2E7BEA33E3B
2025-09-29 13:58:57,477 - INFO - Xử lý upsert Creator cho CreatorId: 8433F815-6165-427A-92E0-E2E7BEA33E3B
2025-09-29 13:58:57,525 - INFO - Xử lý upsert CreatorRelationship cho CreatorId: 8433F815-6165-427A-92E0-E2E7BEA33E3B, RelatedId: 3288FB04-F66F-4FB0-B23A-0461321BFFF9
2025-09-29 13:58:57,614 - INFO - Xử lý upsert CreatorRelationship cho CreatorId: 8433F815-6165-427A-92E0-E2E7BEA33E3B, RelatedId: 3288FB04-F66F-4FB0-B23A-0461321BFFF9
2025-09-29 13:58:57,693 - INFO - Xử lý upsert Covers cho cover_id: D750B5E3-07D2-4F31-B4F7-36958401ED14
2025-09-29 13:58:57,733 - INFO - Hoàn thành mapping và upsert manga ID: 3288FB04-F66F-4FB0-B23A-0461321BFFF9
2025-09-29 13:58:57,734 - INFO - Hoàn thành xử lý manga 1/1.
2025-09-29 13:58:57,734 - INFO - Hoàn thành upsert dữ liệu vào DB.
2025-09-29 13:58:57,735 - INFO - Đã đóng kết nối DB.
